(status): Nexxim version: 2021.2.0 WIN64, build time: May 24 2021, 22:40:30

(status): Analyzing D:/Documents/xsvobo1q/cv3/cv3_msFilter.aedtresults/Circuit1/temp/DV200_S18_V198.cir.
(info): Processing circuit for new analysis.
omp(status): Requested number of threads in UI setting is 1
circuit_details(status): Total device types: 5
device type                                       number of devices
----------------------------------------------------------------------
open_stub                                         1
port_impedance                                    6
step                                              6
tee                                               1
trl                                               14
(status): License checkout took 3.842 seconds.
models:w_element(status): a1.w - Building frequency-domain model
models:w_element(status): a1.w - Finished building frequency-domain model
models:w_element(status): a16.w - Building frequency-domain model
models:w_element(status): a16.w - Finished building frequency-domain model
models:w_element(status): a17.w - Building frequency-domain model
models:w_element(status): a17.w - Finished building frequency-domain model
models:w_element(status): a18.w - Building frequency-domain model
models:w_element(status): a18.w - Finished building frequency-domain model
models:w_element(status): a19.w - Building frequency-domain model
models:w_element(status): a19.w - Finished building frequency-domain model
models:w_element(status): a2.w - Building frequency-domain model
models:w_element(status): a2.w - Finished building frequency-domain model
models:w_element(status): a20.w - Building frequency-domain model
models:w_element(status): a20.w - Finished building frequency-domain model
models:w_element(status): a3.w - Building frequency-domain model
models:w_element(status): a3.w - Finished building frequency-domain model
models:w_element(status): a41.w - Building frequency-domain model
models:w_element(status): a41.w - Finished building frequency-domain model
models:w_element(status): a42.w - Building frequency-domain model
models:w_element(status): a42.w - Finished building frequency-domain model
models:w_element(status): a44.w - Building frequency-domain model
models:w_element(status): a44.w - Finished building frequency-domain model
models:w_element(status): a45.w - Building frequency-domain model
models:w_element(status): a45.w - Finished building frequency-domain model
models:w_element(status): a6.w - Building frequency-domain model
models:w_element(status): a6.w - Finished building frequency-domain model
models:w_element(status): a9.w - Building frequency-domain model
models:w_element(status): a9.w - Finished building frequency-domain model
(info): Starting analysis type LNA.
models:w_element(status): a17.w - Building frequency-domain model
models:w_element(status): a17.w - Finished building frequency-domain model
models:w_element(status): a18.w - Building frequency-domain model
models:w_element(status): a18.w - Finished building frequency-domain model
models:w_element(status): a19.w - Building frequency-domain model
models:w_element(status): a19.w - Finished building frequency-domain model
models:w_element(status): a2.w - Building frequency-domain model
models:w_element(status): a2.w - Finished building frequency-domain model
models:w_element(status): a3.w - Building frequency-domain model
models:w_element(status): a3.w - Finished building frequency-domain model
models:w_element(status): a42.w - Building frequency-domain model
models:w_element(status): a42.w - Finished building frequency-domain model
models:w_element(status): a44.w - Building frequency-domain model
models:w_element(status): a44.w - Finished building frequency-domain model
models:w_element(status): a6.w - Building frequency-domain model
models:w_element(status): a6.w - Finished building frequency-domain model
analysis:dc(status): Total DC newton iterations = 4, DC conv = 1.
models:w_element(status): a17.w - Building frequency-domain model
models:w_element(status): a17.w - Finished building frequency-domain model
models:w_element(status): a18.w - Building frequency-domain model
models:w_element(status): a18.w - Finished building frequency-domain model
models:w_element(status): a19.w - Building frequency-domain model
models:w_element(status): a19.w - Finished building frequency-domain model
models:w_element(status): a2.w - Building frequency-domain model
models:w_element(status): a2.w - Finished building frequency-domain model
models:w_element(status): a3.w - Building frequency-domain model
models:w_element(status): a3.w - Finished building frequency-domain model
models:w_element(status): a42.w - Building frequency-domain model
models:w_element(status): a42.w - Finished building frequency-domain model
models:w_element(status): a44.w - Building frequency-domain model
models:w_element(status): a44.w - Finished building frequency-domain model
models:w_element(status): a6.w - Building frequency-domain model
models:w_element(status): a6.w - Finished building frequency-domain model
analysis:dc(status): Total DC newton iterations = 4, DC conv = 1.
models:w_element(status): a17.w - Building frequency-domain model
models:w_element(status): a17.w - Finished building frequency-domain model
models:w_element(status): a18.w - Building frequency-domain model
models:w_element(status): a18.w - Finished building frequency-domain model
models:w_element(status): a19.w - Building frequency-domain model
models:w_element(status): a19.w - Finished building frequency-domain model
models:w_element(status): a2.w - Building frequency-domain model
models:w_element(status): a2.w - Finished building frequency-domain model
models:w_element(status): a3.w - Building frequency-domain model
models:w_element(status): a3.w - Finished building frequency-domain model
models:w_element(status): a42.w - Building frequency-domain model
models:w_element(status): a42.w - Finished building frequency-domain model
models:w_element(status): a44.w - Building frequency-domain model
models:w_element(status): a44.w - Finished building frequency-domain model
models:w_element(status): a6.w - Building frequency-domain model
models:w_element(status): a6.w - Finished building frequency-domain model
analysis:dc(status): Total DC newton iterations = 4, DC conv = 1.
models:w_element(status): a17.w - Building frequency-domain model
models:w_element(status): a17.w - Finished building frequency-domain model
models:w_element(status): a18.w - Building frequency-domain model
models:w_element(status): a18.w - Finished building frequency-domain model
models:w_element(status): a19.w - Building frequency-domain model
models:w_element(status): a19.w - Finished building frequency-domain model
models:w_element(status): a2.w - Building frequency-domain model
models:w_element(status): a2.w - Finished building frequency-domain model
models:w_element(status): a3.w - Building frequency-domain model
models:w_element(status): a3.w - Finished building frequency-domain model
models:w_element(status): a42.w - Building frequency-domain model
models:w_element(status): a42.w - Finished building frequency-domain model
models:w_element(status): a44.w - Building frequency-domain model
models:w_element(status): a44.w - Finished building frequency-domain model
models:w_element(status): a6.w - Building frequency-domain model
models:w_element(status): a6.w - Finished building frequency-domain model
analysis:dc(status): Total DC newton iterations = 4, DC conv = 1.
models:w_element(status): a17.w - Building frequency-domain model
models:w_element(status): a17.w - Finished building frequency-domain model
models:w_element(status): a18.w - Building frequency-domain model
models:w_element(status): a18.w - Finished building frequency-domain model
models:w_element(status): a19.w - Building frequency-domain model
models:w_element(status): a19.w - Finished building frequency-domain model
models:w_element(status): a2.w - Building frequency-domain model
models:w_element(status): a2.w - Finished building frequency-domain model
models:w_element(status): a3.w - Building frequency-domain model
models:w_element(status): a3.w - Finished building frequency-domain model
models:w_element(status): a42.w - Building frequency-domain model
models:w_element(status): a42.w - Finished building frequency-domain model
models:w_element(status): a44.w - Building frequency-domain model
models:w_element(status): a44.w - Finished building frequency-domain model
models:w_element(status): a6.w - Building frequency-domain model
models:w_element(status): a6.w - Finished building frequency-domain model
analysis:dc(status): Total DC newton iterations = 4, DC conv = 1.
models:w_element(status): a17.w - Building frequency-domain model
models:w_element(status): a17.w - Finished building frequency-domain model
models:w_element(status): a18.w - Building frequency-domain model
models:w_element(status): a18.w - Finished building frequency-domain model
models:w_element(status): a19.w - Building frequency-domain model
models:w_element(status): a19.w - Finished building frequency-domain model
models:w_element(status): a2.w - Building frequency-domain model
models:w_element(status): a2.w - Finished building frequency-domain model
models:w_element(status): a3.w - Building frequency-domain model
models:w_element(status): a3.w - Finished building frequency-domain model
models:w_element(status): a42.w - Building frequency-domain model
models:w_element(status): a42.w - Finished building frequency-domain model
models:w_element(status): a44.w - Building frequency-domain model
models:w_element(status): a44.w - Finished building frequency-domain model
models:w_element(status): a6.w - Building frequency-domain model
models:w_element(status): a6.w - Finished building frequency-domain model
analysis:dc(status): Total DC newton iterations = 4, DC conv = 1.
models:w_element(status): a17.w - Building frequency-domain model
models:w_element(status): a17.w - Finished building frequency-domain model
models:w_element(status): a18.w - Building frequency-domain model
models:w_element(status): a18.w - Finished building frequency-domain model
models:w_element(status): a19.w - Building frequency-domain model
models:w_element(status): a19.w - Finished building frequency-domain model
models:w_element(status): a2.w - Building frequency-domain model
models:w_element(status): a2.w - Finished building frequency-domain model
models:w_element(status): a3.w - Building frequency-domain model
models:w_element(status): a3.w - Finished building frequency-domain model
models:w_element(status): a42.w - Building frequency-domain model
models:w_element(status): a42.w - Finished building frequency-domain model
models:w_element(status): a44.w - Building frequency-domain model
models:w_element(status): a44.w - Finished building frequency-domain model
models:w_element(status): a6.w - Building frequency-domain model
models:w_element(status): a6.w - Finished building frequency-domain model
analysis:dc(status): Total DC newton iterations = 4, DC conv = 1.
models:w_element(status): a17.w - Building frequency-domain model
models:w_element(status): a17.w - Finished building frequency-domain model
models:w_element(status): a18.w - Building frequency-domain model
models:w_element(status): a18.w - Finished building frequency-domain model
models:w_element(status): a19.w - Building frequency-domain model
models:w_element(status): a19.w - Finished building frequency-domain model
models:w_element(status): a2.w - Building frequency-domain model
models:w_element(status): a2.w - Finished building frequency-domain model
models:w_element(status): a3.w - Building frequency-domain model
models:w_element(status): a3.w - Finished building frequency-domain model
models:w_element(status): a42.w - Building frequency-domain model
models:w_element(status): a42.w - Finished building frequency-domain model
models:w_element(status): a44.w - Building frequency-domain model
models:w_element(status): a44.w - Finished building frequency-domain model
models:w_element(status): a6.w - Building frequency-domain model
models:w_element(status): a6.w - Finished building frequency-domain model
analysis:dc(status): Total DC newton iterations = 4, DC conv = 1.
models:w_element(status): a17.w - Building frequency-domain model
models:w_element(status): a17.w - Finished building frequency-domain model
models:w_element(status): a18.w - Building frequency-domain model
models:w_element(status): a18.w - Finished building frequency-domain model
models:w_element(status): a19.w - Building frequency-domain model
models:w_element(status): a19.w - Finished building frequency-domain model
models:w_element(status): a2.w - Building frequency-domain model
models:w_element(status): a2.w - Finished building frequency-domain model
models:w_element(status): a3.w - Building frequency-domain model
models:w_element(status): a3.w - Finished building frequency-domain model
models:w_element(status): a42.w - Building frequency-domain model
models:w_element(status): a42.w - Finished building frequency-domain model
models:w_element(status): a44.w - Building frequency-domain model
models:w_element(status): a44.w - Finished building frequency-domain model
models:w_element(status): a6.w - Building frequency-domain model
models:w_element(status): a6.w - Finished building frequency-domain model
analysis:dc(status): Total DC newton iterations = 4, DC conv = 1.
models:w_element(status): a17.w - Building frequency-domain model
models:w_element(status): a17.w - Finished building frequency-domain model
models:w_element(status): a18.w - Building frequency-domain model
models:w_element(status): a18.w - Finished building frequency-domain model
models:w_element(status): a19.w - Building frequency-domain model
models:w_element(status): a19.w - Finished building frequency-domain model
models:w_element(status): a2.w - Building frequency-domain model
models:w_element(status): a2.w - Finished building frequency-domain model
models:w_element(status): a3.w - Building frequency-domain model
models:w_element(status): a3.w - Finished building frequency-domain model
models:w_element(status): a42.w - Building frequency-domain model
models:w_element(status): a42.w - Finished building frequency-domain model
models:w_element(status): a44.w - Building frequency-domain model
models:w_element(status): a44.w - Finished building frequency-domain model
models:w_element(status): a6.w - Building frequency-domain model
models:w_element(status): a6.w - Finished building frequency-domain model
analysis:dc(status): Total DC newton iterations = 4, DC conv = 1.
models:w_element(status): a17.w - Building frequency-domain model
models:w_element(status): a17.w - Finished building frequency-domain model
models:w_element(status): a18.w - Building frequency-domain model
models:w_element(status): a18.w - Finished building frequency-domain model
models:w_element(status): a19.w - Building frequency-domain model
models:w_element(status): a19.w - Finished building frequency-domain model
models:w_element(status): a2.w - Building frequency-domain model
models:w_element(status): a2.w - Finished building frequency-domain model
models:w_element(status): a3.w - Building frequency-domain model
models:w_element(status): a3.w - Finished building frequency-domain model
models:w_element(status): a42.w - Building frequency-domain model
models:w_element(status): a42.w - Finished building frequency-domain model
models:w_element(status): a44.w - Building frequency-domain model
models:w_element(status): a44.w - Finished building frequency-domain model
models:w_element(status): a6.w - Building frequency-domain model
models:w_element(status): a6.w - Finished building frequency-domain model
analysis:dc(status): Total DC newton iterations = 4, DC conv = 1.
models:w_element(status): a17.w - Building frequency-domain model
models:w_element(status): a17.w - Finished building frequency-domain model
models:w_element(status): a18.w - Building frequency-domain model
models:w_element(status): a18.w - Finished building frequency-domain model
models:w_element(status): a19.w - Building frequency-domain model
models:w_element(status): a19.w - Finished building frequency-domain model
models:w_element(status): a2.w - Building frequency-domain model
models:w_element(status): a2.w - Finished building frequency-domain model
models:w_element(status): a3.w - Building frequency-domain model
models:w_element(status): a3.w - Finished building frequency-domain model
models:w_element(status): a42.w - Building frequency-domain model
models:w_element(status): a42.w - Finished building frequency-domain model
models:w_element(status): a44.w - Building frequency-domain model
models:w_element(status): a44.w - Finished building frequency-domain model
models:w_element(status): a6.w - Building frequency-domain model
models:w_element(status): a6.w - Finished building frequency-domain model
analysis:dc(status): Total DC newton iterations = 4, DC conv = 1.
models:w_element(status): a17.w - Building frequency-domain model
models:w_element(status): a17.w - Finished building frequency-domain model
models:w_element(status): a18.w - Building frequency-domain model
models:w_element(status): a18.w - Finished building frequency-domain model
models:w_element(status): a19.w - Building frequency-domain model
models:w_element(status): a19.w - Finished building frequency-domain model
models:w_element(status): a2.w - Building frequency-domain model
models:w_element(status): a2.w - Finished building frequency-domain model
models:w_element(status): a3.w - Building frequency-domain model
models:w_element(status): a3.w - Finished building frequency-domain model
models:w_element(status): a42.w - Building frequency-domain model
models:w_element(status): a42.w - Finished building frequency-domain model
models:w_element(status): a44.w - Building frequency-domain model
models:w_element(status): a44.w - Finished building frequency-domain model
models:w_element(status): a6.w - Building frequency-domain model
models:w_element(status): a6.w - Finished building frequency-domain model
analysis:dc(status): Total DC newton iterations = 4, DC conv = 1.
models:w_element(status): a17.w - Building frequency-domain model
models:w_element(status): a17.w - Finished building frequency-domain model
models:w_element(status): a18.w - Building frequency-domain model
models:w_element(status): a18.w - Finished building frequency-domain model
models:w_element(status): a19.w - Building frequency-domain model
models:w_element(status): a19.w - Finished building frequency-domain model
models:w_element(status): a2.w - Building frequency-domain model
models:w_element(status): a2.w - Finished building frequency-domain model
models:w_element(status): a3.w - Building frequency-domain model
models:w_element(status): a3.w - Finished building frequency-domain model
models:w_element(status): a42.w - Building frequency-domain model
models:w_element(status): a42.w - Finished building frequency-domain model
models:w_element(status): a44.w - Building frequency-domain model
models:w_element(status): a44.w - Finished building frequency-domain model
models:w_element(status): a6.w - Building frequency-domain model
models:w_element(status): a6.w - Finished building frequency-domain model
analysis:dc(status): Total DC newton iterations = 4, DC conv = 1.
models:w_element(status): a17.w - Building frequency-domain model
models:w_element(status): a17.w - Finished building frequency-domain model
models:w_element(status): a18.w - Building frequency-domain model
models:w_element(status): a18.w - Finished building frequency-domain model
models:w_element(status): a19.w - Building frequency-domain model
models:w_element(status): a19.w - Finished building frequency-domain model
models:w_element(status): a2.w - Building frequency-domain model
models:w_element(status): a2.w - Finished building frequency-domain model
models:w_element(status): a3.w - Building frequency-domain model
models:w_element(status): a3.w - Finished building frequency-domain model
models:w_element(status): a42.w - Building frequency-domain model
models:w_element(status): a42.w - Finished building frequency-domain model
models:w_element(status): a44.w - Building frequency-domain model
models:w_element(status): a44.w - Finished building frequency-domain model
models:w_element(status): a6.w - Building frequency-domain model
models:w_element(status): a6.w - Finished building frequency-domain model
analysis:dc(status): Total DC newton iterations = 4, DC conv = 1.
models:w_element(status): a17.w - Building frequency-domain model
models:w_element(status): a17.w - Finished building frequency-domain model
models:w_element(status): a18.w - Building frequency-domain model
models:w_element(status): a18.w - Finished building frequency-domain model
models:w_element(status): a19.w - Building frequency-domain model
models:w_element(status): a19.w - Finished building frequency-domain model
models:w_element(status): a2.w - Building frequency-domain model
models:w_element(status): a2.w - Finished building frequency-domain model
models:w_element(status): a3.w - Building frequency-domain model
models:w_element(status): a3.w - Finished building frequency-domain model
models:w_element(status): a42.w - Building frequency-domain model
models:w_element(status): a42.w - Finished building frequency-domain model
models:w_element(status): a44.w - Building frequency-domain model
models:w_element(status): a44.w - Finished building frequency-domain model
models:w_element(status): a6.w - Building frequency-domain model
models:w_element(status): a6.w - Finished building frequency-domain model
analysis:dc(status): Total DC newton iterations = 4, DC conv = 1.
models:w_element(status): a17.w - Building frequency-domain model
models:w_element(status): a17.w - Finished building frequency-domain model
models:w_element(status): a18.w - Building frequency-domain model
models:w_element(status): a18.w - Finished building frequency-domain model
models:w_element(status): a19.w - Building frequency-domain model
models:w_element(status): a19.w - Finished building frequency-domain model
models:w_element(status): a2.w - Building frequency-domain model
models:w_element(status): a2.w - Finished building frequency-domain model
models:w_element(status): a3.w - Building frequency-domain model
models:w_element(status): a3.w - Finished building frequency-domain model
models:w_element(status): a42.w - Building frequency-domain model
models:w_element(status): a42.w - Finished building frequency-domain model
models:w_element(status): a44.w - Building frequency-domain model
models:w_element(status): a44.w - Finished building frequency-domain model
models:w_element(status): a6.w - Building frequency-domain model
models:w_element(status): a6.w - Finished building frequency-domain model
analysis:dc(status): Total DC newton iterations = 4, DC conv = 1.
models:w_element(status): a17.w - Building frequency-domain model
models:w_element(status): a17.w - Finished building frequency-domain model
models:w_element(status): a18.w - Building frequency-domain model
models:w_element(status): a18.w - Finished building frequency-domain model
models:w_element(status): a19.w - Building frequency-domain model
models:w_element(status): a19.w - Finished building frequency-domain model
models:w_element(status): a2.w - Building frequency-domain model
models:w_element(status): a2.w - Finished building frequency-domain model
models:w_element(status): a3.w - Building frequency-domain model
models:w_element(status): a3.w - Finished building frequency-domain model
models:w_element(status): a42.w - Building frequency-domain model
models:w_element(status): a42.w - Finished building frequency-domain model
models:w_element(status): a44.w - Building frequency-domain model
models:w_element(status): a44.w - Finished building frequency-domain model
models:w_element(status): a6.w - Building frequency-domain model
models:w_element(status): a6.w - Finished building frequency-domain model
analysis:dc(status): Total DC newton iterations = 4, DC conv = 1.
models:w_element(status): a17.w - Building frequency-domain model
models:w_element(status): a17.w - Finished building frequency-domain model
models:w_element(status): a18.w - Building frequency-domain model
models:w_element(status): a18.w - Finished building frequency-domain model
models:w_element(status): a19.w - Building frequency-domain model
models:w_element(status): a19.w - Finished building frequency-domain model
models:w_element(status): a2.w - Building frequency-domain model
models:w_element(status): a2.w - Finished building frequency-domain model
models:w_element(status): a3.w - Building frequency-domain model
models:w_element(status): a3.w - Finished building frequency-domain model
models:w_element(status): a42.w - Building frequency-domain model
models:w_element(status): a42.w - Finished building frequency-domain model
models:w_element(status): a44.w - Building frequency-domain model
models:w_element(status): a44.w - Finished building frequency-domain model
models:w_element(status): a6.w - Building frequency-domain model
models:w_element(status): a6.w - Finished building frequency-domain model
analysis:dc(status): Total DC newton iterations = 4, DC conv = 1.
models:w_element(status): a17.w - Building frequency-domain model
models:w_element(status): a17.w - Finished building frequency-domain model
models:w_element(status): a18.w - Building frequency-domain model
models:w_element(status): a18.w - Finished building frequency-domain model
models:w_element(status): a19.w - Building frequency-domain model
models:w_element(status): a19.w - Finished building frequency-domain model
models:w_element(status): a2.w - Building frequency-domain model
models:w_element(status): a2.w - Finished building frequency-domain model
models:w_element(status): a3.w - Building frequency-domain model
models:w_element(status): a3.w - Finished building frequency-domain model
models:w_element(status): a42.w - Building frequency-domain model
models:w_element(status): a42.w - Finished building frequency-domain model
models:w_element(status): a44.w - Building frequency-domain model
models:w_element(status): a44.w - Finished building frequency-domain model
models:w_element(status): a6.w - Building frequency-domain model
models:w_element(status): a6.w - Finished building frequency-domain model
analysis:dc(status): Total DC newton iterations = 4, DC conv = 1.
models:w_element(status): a17.w - Building frequency-domain model
models:w_element(status): a17.w - Finished building frequency-domain model
models:w_element(status): a18.w - Building frequency-domain model
models:w_element(status): a18.w - Finished building frequency-domain model
models:w_element(status): a19.w - Building frequency-domain model
models:w_element(status): a19.w - Finished building frequency-domain model
models:w_element(status): a2.w - Building frequency-domain model
models:w_element(status): a2.w - Finished building frequency-domain model
models:w_element(status): a3.w - Building frequency-domain model
models:w_element(status): a3.w - Finished building frequency-domain model
models:w_element(status): a42.w - Building frequency-domain model
models:w_element(status): a42.w - Finished building frequency-domain model
models:w_element(status): a44.w - Building frequency-domain model
models:w_element(status): a44.w - Finished building frequency-domain model
models:w_element(status): a6.w - Building frequency-domain model
models:w_element(status): a6.w - Finished building frequency-domain model
analysis:dc(status): Total DC newton iterations = 4, DC conv = 1.
models:w_element(status): a17.w - Building frequency-domain model
models:w_element(status): a17.w - Finished building frequency-domain model
models:w_element(status): a18.w - Building frequency-domain model
models:w_element(status): a18.w - Finished building frequency-domain model
models:w_element(status): a19.w - Building frequency-domain model
models:w_element(status): a19.w - Finished building frequency-domain model
models:w_element(status): a2.w - Building frequency-domain model
models:w_element(status): a2.w - Finished building frequency-domain model
models:w_element(status): a3.w - Building frequency-domain model
models:w_element(status): a3.w - Finished building frequency-domain model
models:w_element(status): a42.w - Building frequency-domain model
models:w_element(status): a42.w - Finished building frequency-domain model
models:w_element(status): a44.w - Building frequency-domain model
models:w_element(status): a44.w - Finished building frequency-domain model
models:w_element(status): a6.w - Building frequency-domain model
models:w_element(status): a6.w - Finished building frequency-domain model
analysis:dc(status): Total DC newton iterations = 4, DC conv = 1.
models:w_element(status): a17.w - Building frequency-domain model
models:w_element(status): a17.w - Finished building frequency-domain model
models:w_element(status): a18.w - Building frequency-domain model
models:w_element(status): a18.w - Finished building frequency-domain model
models:w_element(status): a19.w - Building frequency-domain model
models:w_element(status): a19.w - Finished building frequency-domain model
models:w_element(status): a2.w - Building frequency-domain model
models:w_element(status): a2.w - Finished building frequency-domain model
models:w_element(status): a3.w - Building frequency-domain model
models:w_element(status): a3.w - Finished building frequency-domain model
models:w_element(status): a42.w - Building frequency-domain model
models:w_element(status): a42.w - Finished building frequency-domain model
models:w_element(status): a44.w - Building frequency-domain model
models:w_element(status): a44.w - Finished building frequency-domain model
models:w_element(status): a6.w - Building frequency-domain model
models:w_element(status): a6.w - Finished building frequency-domain model
analysis:dc(status): Total DC newton iterations = 4, DC conv = 1.
models:w_element(status): a17.w - Building frequency-domain model
models:w_element(status): a17.w - Finished building frequency-domain model
models:w_element(status): a18.w - Building frequency-domain model
models:w_element(status): a18.w - Finished building frequency-domain model
models:w_element(status): a19.w - Building frequency-domain model
models:w_element(status): a19.w - Finished building frequency-domain model
models:w_element(status): a2.w - Building frequency-domain model
models:w_element(status): a2.w - Finished building frequency-domain model
models:w_element(status): a3.w - Building frequency-domain model
models:w_element(status): a3.w - Finished building frequency-domain model
models:w_element(status): a42.w - Building frequency-domain model
models:w_element(status): a42.w - Finished building frequency-domain model
models:w_element(status): a44.w - Building frequency-domain model
models:w_element(status): a44.w - Finished building frequency-domain model
models:w_element(status): a6.w - Building frequency-domain model
models:w_element(status): a6.w - Finished building frequency-domain model
analysis:dc(status): Total DC newton iterations = 4, DC conv = 1.
models:w_element(status): a17.w - Building frequency-domain model
models:w_element(status): a17.w - Finished building frequency-domain model
models:w_element(status): a18.w - Building frequency-domain model
models:w_element(status): a18.w - Finished building frequency-domain model
models:w_element(status): a19.w - Building frequency-domain model
models:w_element(status): a19.w - Finished building frequency-domain model
models:w_element(status): a2.w - Building frequency-domain model
models:w_element(status): a2.w - Finished building frequency-domain model
models:w_element(status): a3.w - Building frequency-domain model
models:w_element(status): a3.w - Finished building frequency-domain model
models:w_element(status): a42.w - Building frequency-domain model
models:w_element(status): a42.w - Finished building frequency-domain model
models:w_element(status): a44.w - Building frequency-domain model
models:w_element(status): a44.w - Finished building frequency-domain model
models:w_element(status): a6.w - Building frequency-domain model
models:w_element(status): a6.w - Finished building frequency-domain model
analysis:dc(status): Total DC newton iterations = 4, DC conv = 1.
models:w_element(status): a17.w - Building frequency-domain model
models:w_element(status): a17.w - Finished building frequency-domain model
models:w_element(status): a18.w - Building frequency-domain model
models:w_element(status): a18.w - Finished building frequency-domain model
models:w_element(status): a19.w - Building frequency-domain model
models:w_element(status): a19.w - Finished building frequency-domain model
models:w_element(status): a2.w - Building frequency-domain model
models:w_element(status): a2.w - Finished building frequency-domain model
models:w_element(status): a3.w - Building frequency-domain model
models:w_element(status): a3.w - Finished building frequency-domain model
models:w_element(status): a42.w - Building frequency-domain model
models:w_element(status): a42.w - Finished building frequency-domain model
models:w_element(status): a44.w - Building frequency-domain model
models:w_element(status): a44.w - Finished building frequency-domain model
models:w_element(status): a6.w - Building frequency-domain model
models:w_element(status): a6.w - Finished building frequency-domain model
analysis:dc(status): Total DC newton iterations = 4, DC conv = 1.
models:w_element(status): a17.w - Building frequency-domain model
models:w_element(status): a17.w - Finished building frequency-domain model
models:w_element(status): a18.w - Building frequency-domain model
models:w_element(status): a18.w - Finished building frequency-domain model
models:w_element(status): a19.w - Building frequency-domain model
models:w_element(status): a19.w - Finished building frequency-domain model
models:w_element(status): a2.w - Building frequency-domain model
models:w_element(status): a2.w - Finished building frequency-domain model
models:w_element(status): a3.w - Building frequency-domain model
models:w_element(status): a3.w - Finished building frequency-domain model
models:w_element(status): a42.w - Building frequency-domain model
models:w_element(status): a42.w - Finished building frequency-domain model
models:w_element(status): a44.w - Building frequency-domain model
models:w_element(status): a44.w - Finished building frequency-domain model
models:w_element(status): a6.w - Building frequency-domain model
models:w_element(status): a6.w - Finished building frequency-domain model
analysis:dc(status): Total DC newton iterations = 4, DC conv = 1.
models:w_element(status): a17.w - Building frequency-domain model
models:w_element(status): a17.w - Finished building frequency-domain model
models:w_element(status): a18.w - Building frequency-domain model
models:w_element(status): a18.w - Finished building frequency-domain model
models:w_element(status): a19.w - Building frequency-domain model
models:w_element(status): a19.w - Finished building frequency-domain model
models:w_element(status): a2.w - Building frequency-domain model
models:w_element(status): a2.w - Finished building frequency-domain model
models:w_element(status): a3.w - Building frequency-domain model
models:w_element(status): a3.w - Finished building frequency-domain model
models:w_element(status): a42.w - Building frequency-domain model
models:w_element(status): a42.w - Finished building frequency-domain model
models:w_element(status): a44.w - Building frequency-domain model
models:w_element(status): a44.w - Finished building frequency-domain model
models:w_element(status): a6.w - Building frequency-domain model
models:w_element(status): a6.w - Finished building frequency-domain model
analysis:dc(status): Total DC newton iterations = 4, DC conv = 1.
models:w_element(status): a17.w - Building frequency-domain model
models:w_element(status): a17.w - Finished building frequency-domain model
models:w_element(status): a18.w - Building frequency-domain model
models:w_element(status): a18.w - Finished building frequency-domain model
models:w_element(status): a19.w - Building frequency-domain model
models:w_element(status): a19.w - Finished building frequency-domain model
models:w_element(status): a2.w - Building frequency-domain model
models:w_element(status): a2.w - Finished building frequency-domain model
models:w_element(status): a3.w - Building frequency-domain model
models:w_element(status): a3.w - Finished building frequency-domain model
models:w_element(status): a42.w - Building frequency-domain model
models:w_element(status): a42.w - Finished building frequency-domain model
models:w_element(status): a44.w - Building frequency-domain model
models:w_element(status): a44.w - Finished building frequency-domain model
models:w_element(status): a6.w - Building frequency-domain model
models:w_element(status): a6.w - Finished building frequency-domain model
analysis:dc(status): Total DC newton iterations = 4, DC conv = 1.
models:w_element(status): a17.w - Building frequency-domain model
models:w_element(status): a17.w - Finished building frequency-domain model
models:w_element(status): a18.w - Building frequency-domain model
models:w_element(status): a18.w - Finished building frequency-domain model
models:w_element(status): a19.w - Building frequency-domain model
models:w_element(status): a19.w - Finished building frequency-domain model
models:w_element(status): a2.w - Building frequency-domain model
models:w_element(status): a2.w - Finished building frequency-domain model
models:w_element(status): a3.w - Building frequency-domain model
models:w_element(status): a3.w - Finished building frequency-domain model
models:w_element(status): a42.w - Building frequency-domain model
models:w_element(status): a42.w - Finished building frequency-domain model
models:w_element(status): a44.w - Building frequency-domain model
models:w_element(status): a44.w - Finished building frequency-domain model
models:w_element(status): a6.w - Building frequency-domain model
models:w_element(status): a6.w - Finished building frequency-domain model
analysis:dc(status): Total DC newton iterations = 4, DC conv = 1.
models:w_element(status): a17.w - Building frequency-domain model
models:w_element(status): a17.w - Finished building frequency-domain model
models:w_element(status): a18.w - Building frequency-domain model
models:w_element(status): a18.w - Finished building frequency-domain model
models:w_element(status): a19.w - Building frequency-domain model
models:w_element(status): a19.w - Finished building frequency-domain model
models:w_element(status): a2.w - Building frequency-domain model
models:w_element(status): a2.w - Finished building frequency-domain model
models:w_element(status): a3.w - Building frequency-domain model
models:w_element(status): a3.w - Finished building frequency-domain model
models:w_element(status): a42.w - Building frequency-domain model
models:w_element(status): a42.w - Finished building frequency-domain model
models:w_element(status): a44.w - Building frequency-domain model
models:w_element(status): a44.w - Finished building frequency-domain model
models:w_element(status): a6.w - Building frequency-domain model
models:w_element(status): a6.w - Finished building frequency-domain model
analysis:dc(status): Total DC newton iterations = 4, DC conv = 1.
models:w_element(status): a17.w - Building frequency-domain model
models:w_element(status): a17.w - Finished building frequency-domain model
models:w_element(status): a18.w - Building frequency-domain model
models:w_element(status): a18.w - Finished building frequency-domain model
models:w_element(status): a19.w - Building frequency-domain model
models:w_element(status): a19.w - Finished building frequency-domain model
models:w_element(status): a2.w - Building frequency-domain model
models:w_element(status): a2.w - Finished building frequency-domain model
models:w_element(status): a3.w - Building frequency-domain model
models:w_element(status): a3.w - Finished building frequency-domain model
models:w_element(status): a42.w - Building frequency-domain model
models:w_element(status): a42.w - Finished building frequency-domain model
models:w_element(status): a44.w - Building frequency-domain model
models:w_element(status): a44.w - Finished building frequency-domain model
models:w_element(status): a6.w - Building frequency-domain model
models:w_element(status): a6.w - Finished building frequency-domain model
analysis:dc(status): Total DC newton iterations = 4, DC conv = 1.
models:w_element(status): a17.w - Building frequency-domain model
models:w_element(status): a17.w - Finished building frequency-domain model
models:w_element(status): a18.w - Building frequency-domain model
models:w_element(status): a18.w - Finished building frequency-domain model
models:w_element(status): a19.w - Building frequency-domain model
models:w_element(status): a19.w - Finished building frequency-domain model
models:w_element(status): a2.w - Building frequency-domain model
models:w_element(status): a2.w - Finished building frequency-domain model
models:w_element(status): a3.w - Building frequency-domain model
models:w_element(status): a3.w - Finished building frequency-domain model
models:w_element(status): a42.w - Building frequency-domain model
models:w_element(status): a42.w - Finished building frequency-domain model
models:w_element(status): a44.w - Building frequency-domain model
models:w_element(status): a44.w - Finished building frequency-domain model
models:w_element(status): a6.w - Building frequency-domain model
models:w_element(status): a6.w - Finished building frequency-domain model
analysis:dc(status): Total DC newton iterations = 4, DC conv = 1.
models:w_element(status): a17.w - Building frequency-domain model
models:w_element(status): a17.w - Finished building frequency-domain model
models:w_element(status): a18.w - Building frequency-domain model
models:w_element(status): a18.w - Finished building frequency-domain model
models:w_element(status): a19.w - Building frequency-domain model
models:w_element(status): a19.w - Finished building frequency-domain model
models:w_element(status): a2.w - Building frequency-domain model
models:w_element(status): a2.w - Finished building frequency-domain model
models:w_element(status): a3.w - Building frequency-domain model
models:w_element(status): a3.w - Finished building frequency-domain model
models:w_element(status): a42.w - Building frequency-domain model
models:w_element(status): a42.w - Finished building frequency-domain model
models:w_element(status): a44.w - Building frequency-domain model
models:w_element(status): a44.w - Finished building frequency-domain model
models:w_element(status): a6.w - Building frequency-domain model
models:w_element(status): a6.w - Finished building frequency-domain model
analysis:dc(status): Total DC newton iterations = 4, DC conv = 1.
models:w_element(status): a17.w - Building frequency-domain model
models:w_element(status): a17.w - Finished building frequency-domain model
models:w_element(status): a18.w - Building frequency-domain model
models:w_element(status): a18.w - Finished building frequency-domain model
models:w_element(status): a19.w - Building frequency-domain model
models:w_element(status): a19.w - Finished building frequency-domain model
models:w_element(status): a2.w - Building frequency-domain model
models:w_element(status): a2.w - Finished building frequency-domain model
models:w_element(status): a3.w - Building frequency-domain model
models:w_element(status): a3.w - Finished building frequency-domain model
models:w_element(status): a42.w - Building frequency-domain model
models:w_element(status): a42.w - Finished building frequency-domain model
models:w_element(status): a44.w - Building frequency-domain model
models:w_element(status): a44.w - Finished building frequency-domain model
models:w_element(status): a6.w - Building frequency-domain model
models:w_element(status): a6.w - Finished building frequency-domain model
analysis:dc(status): Total DC newton iterations = 4, DC conv = 1.
models:w_element(status): a17.w - Building frequency-domain model
models:w_element(status): a17.w - Finished building frequency-domain model
models:w_element(status): a18.w - Building frequency-domain model
models:w_element(status): a18.w - Finished building frequency-domain model
models:w_element(status): a19.w - Building frequency-domain model
models:w_element(status): a19.w - Finished building frequency-domain model
models:w_element(status): a2.w - Building frequency-domain model
models:w_element(status): a2.w - Finished building frequency-domain model
models:w_element(status): a3.w - Building frequency-domain model
models:w_element(status): a3.w - Finished building frequency-domain model
models:w_element(status): a42.w - Building frequency-domain model
models:w_element(status): a42.w - Finished building frequency-domain model
models:w_element(status): a44.w - Building frequency-domain model
models:w_element(status): a44.w - Finished building frequency-domain model
models:w_element(status): a6.w - Building frequency-domain model
models:w_element(status): a6.w - Finished building frequency-domain model
analysis:dc(status): Total DC newton iterations = 4, DC conv = 1.
models:w_element(status): a17.w - Building frequency-domain model
models:w_element(status): a17.w - Finished building frequency-domain model
models:w_element(status): a18.w - Building frequency-domain model
models:w_element(status): a18.w - Finished building frequency-domain model
models:w_element(status): a19.w - Building frequency-domain model
models:w_element(status): a19.w - Finished building frequency-domain model
models:w_element(status): a2.w - Building frequency-domain model
models:w_element(status): a2.w - Finished building frequency-domain model
models:w_element(status): a3.w - Building frequency-domain model
models:w_element(status): a3.w - Finished building frequency-domain model
models:w_element(status): a42.w - Building frequency-domain model
models:w_element(status): a42.w - Finished building frequency-domain model
models:w_element(status): a44.w - Building frequency-domain model
models:w_element(status): a44.w - Finished building frequency-domain model
models:w_element(status): a6.w - Building frequency-domain model
models:w_element(status): a6.w - Finished building frequency-domain model
analysis:dc(status): Total DC newton iterations = 4, DC conv = 1.
models:w_element(status): a17.w - Building frequency-domain model
models:w_element(status): a17.w - Finished building frequency-domain model
models:w_element(status): a18.w - Building frequency-domain model
models:w_element(status): a18.w - Finished building frequency-domain model
models:w_element(status): a19.w - Building frequency-domain model
models:w_element(status): a19.w - Finished building frequency-domain model
models:w_element(status): a2.w - Building frequency-domain model
models:w_element(status): a2.w - Finished building frequency-domain model
models:w_element(status): a3.w - Building frequency-domain model
models:w_element(status): a3.w - Finished building frequency-domain model
models:w_element(status): a42.w - Building frequency-domain model
models:w_element(status): a42.w - Finished building frequency-domain model
models:w_element(status): a44.w - Building frequency-domain model
models:w_element(status): a44.w - Finished building frequency-domain model
models:w_element(status): a6.w - Building frequency-domain model
models:w_element(status): a6.w - Finished building frequency-domain model
analysis:dc(status): Total DC newton iterations = 4, DC conv = 1.
models:w_element(status): a17.w - Building frequency-domain model
models:w_element(status): a17.w - Finished building frequency-domain model
models:w_element(status): a18.w - Building frequency-domain model
models:w_element(status): a18.w - Finished building frequency-domain model
models:w_element(status): a19.w - Building frequency-domain model
models:w_element(status): a19.w - Finished building frequency-domain model
models:w_element(status): a2.w - Building frequency-domain model
models:w_element(status): a2.w - Finished building frequency-domain model
models:w_element(status): a3.w - Building frequency-domain model
models:w_element(status): a3.w - Finished building frequency-domain model
models:w_element(status): a42.w - Building frequency-domain model
models:w_element(status): a42.w - Finished building frequency-domain model
models:w_element(status): a44.w - Building frequency-domain model
models:w_element(status): a44.w - Finished building frequency-domain model
models:w_element(status): a6.w - Building frequency-domain model
models:w_element(status): a6.w - Finished building frequency-domain model
analysis:dc(status): Total DC newton iterations = 4, DC conv = 1.
models:w_element(status): a17.w - Building frequency-domain model
models:w_element(status): a17.w - Finished building frequency-domain model
models:w_element(status): a18.w - Building frequency-domain model
models:w_element(status): a18.w - Finished building frequency-domain model
models:w_element(status): a19.w - Building frequency-domain model
models:w_element(status): a19.w - Finished building frequency-domain model
models:w_element(status): a2.w - Building frequency-domain model
models:w_element(status): a2.w - Finished building frequency-domain model
models:w_element(status): a3.w - Building frequency-domain model
models:w_element(status): a3.w - Finished building frequency-domain model
models:w_element(status): a42.w - Building frequency-domain model
models:w_element(status): a42.w - Finished building frequency-domain model
models:w_element(status): a44.w - Building frequency-domain model
models:w_element(status): a44.w - Finished building frequency-domain model
models:w_element(status): a6.w - Building frequency-domain model
models:w_element(status): a6.w - Finished building frequency-domain model
analysis:dc(status): Total DC newton iterations = 4, DC conv = 1.
models:w_element(status): a17.w - Building frequency-domain model
models:w_element(status): a17.w - Finished building frequency-domain model
models:w_element(status): a18.w - Building frequency-domain model
models:w_element(status): a18.w - Finished building frequency-domain model
models:w_element(status): a19.w - Building frequency-domain model
models:w_element(status): a19.w - Finished building frequency-domain model
models:w_element(status): a2.w - Building frequency-domain model
models:w_element(status): a2.w - Finished building frequency-domain model
models:w_element(status): a3.w - Building frequency-domain model
models:w_element(status): a3.w - Finished building frequency-domain model
models:w_element(status): a42.w - Building frequency-domain model
models:w_element(status): a42.w - Finished building frequency-domain model
models:w_element(status): a44.w - Building frequency-domain model
models:w_element(status): a44.w - Finished building frequency-domain model
models:w_element(status): a6.w - Building frequency-domain model
models:w_element(status): a6.w - Finished building frequency-domain model
analysis:dc(status): Total DC newton iterations = 4, DC conv = 1.
models:w_element(status): a17.w - Building frequency-domain model
models:w_element(status): a17.w - Finished building frequency-domain model
models:w_element(status): a18.w - Building frequency-domain model
models:w_element(status): a18.w - Finished building frequency-domain model
models:w_element(status): a19.w - Building frequency-domain model
models:w_element(status): a19.w - Finished building frequency-domain model
models:w_element(status): a2.w - Building frequency-domain model
models:w_element(status): a2.w - Finished building frequency-domain model
models:w_element(status): a3.w - Building frequency-domain model
models:w_element(status): a3.w - Finished building frequency-domain model
models:w_element(status): a42.w - Building frequency-domain model
models:w_element(status): a42.w - Finished building frequency-domain model
models:w_element(status): a44.w - Building frequency-domain model
models:w_element(status): a44.w - Finished building frequency-domain model
models:w_element(status): a6.w - Building frequency-domain model
models:w_element(status): a6.w - Finished building frequency-domain model
analysis:dc(status): Total DC newton iterations = 4, DC conv = 1.
models:w_element(status): a17.w - Building frequency-domain model
models:w_element(status): a17.w - Finished building frequency-domain model
models:w_element(status): a18.w - Building frequency-domain model
models:w_element(status): a18.w - Finished building frequency-domain model
models:w_element(status): a19.w - Building frequency-domain model
models:w_element(status): a19.w - Finished building frequency-domain model
models:w_element(status): a2.w - Building frequency-domain model
models:w_element(status): a2.w - Finished building frequency-domain model
models:w_element(status): a3.w - Building frequency-domain model
models:w_element(status): a3.w - Finished building frequency-domain model
models:w_element(status): a42.w - Building frequency-domain model
models:w_element(status): a42.w - Finished building frequency-domain model
models:w_element(status): a44.w - Building frequency-domain model
models:w_element(status): a44.w - Finished building frequency-domain model
models:w_element(status): a6.w - Building frequency-domain model
models:w_element(status): a6.w - Finished building frequency-domain model
analysis:dc(status): Total DC newton iterations = 4, DC conv = 1.
models:w_element(status): a17.w - Building frequency-domain model
models:w_element(status): a17.w - Finished building frequency-domain model
models:w_element(status): a18.w - Building frequency-domain model
models:w_element(status): a18.w - Finished building frequency-domain model
models:w_element(status): a19.w - Building frequency-domain model
models:w_element(status): a19.w - Finished building frequency-domain model
models:w_element(status): a2.w - Building frequency-domain model
models:w_element(status): a2.w - Finished building frequency-domain model
models:w_element(status): a3.w - Building frequency-domain model
models:w_element(status): a3.w - Finished building frequency-domain model
models:w_element(status): a42.w - Building frequency-domain model
models:w_element(status): a42.w - Finished building frequency-domain model
models:w_element(status): a44.w - Building frequency-domain model
models:w_element(status): a44.w - Finished building frequency-domain model
models:w_element(status): a6.w - Building frequency-domain model
models:w_element(status): a6.w - Finished building frequency-domain model
analysis:dc(status): Total DC newton iterations = 4, DC conv = 1.
models:w_element(status): a17.w - Building frequency-domain model
models:w_element(status): a17.w - Finished building frequency-domain model
models:w_element(status): a18.w - Building frequency-domain model
models:w_element(status): a18.w - Finished building frequency-domain model
models:w_element(status): a19.w - Building frequency-domain model
models:w_element(status): a19.w - Finished building frequency-domain model
models:w_element(status): a2.w - Building frequency-domain model
models:w_element(status): a2.w - Finished building frequency-domain model
models:w_element(status): a3.w - Building frequency-domain model
models:w_element(status): a3.w - Finished building frequency-domain model
models:w_element(status): a42.w - Building frequency-domain model
models:w_element(status): a42.w - Finished building frequency-domain model
models:w_element(status): a44.w - Building frequency-domain model
models:w_element(status): a44.w - Finished building frequency-domain model
models:w_element(status): a6.w - Building frequency-domain model
models:w_element(status): a6.w - Finished building frequency-domain model
analysis:dc(status): Total DC newton iterations = 4, DC conv = 1.
models:w_element(status): a17.w - Building frequency-domain model
models:w_element(status): a17.w - Finished building frequency-domain model
models:w_element(status): a18.w - Building frequency-domain model
models:w_element(status): a18.w - Finished building frequency-domain model
models:w_element(status): a19.w - Building frequency-domain model
models:w_element(status): a19.w - Finished building frequency-domain model
models:w_element(status): a2.w - Building frequency-domain model
models:w_element(status): a2.w - Finished building frequency-domain model
models:w_element(status): a3.w - Building frequency-domain model
models:w_element(status): a3.w - Finished building frequency-domain model
models:w_element(status): a42.w - Building frequency-domain model
models:w_element(status): a42.w - Finished building frequency-domain model
models:w_element(status): a44.w - Building frequency-domain model
models:w_element(status): a44.w - Finished building frequency-domain model
models:w_element(status): a6.w - Building frequency-domain model
models:w_element(status): a6.w - Finished building frequency-domain model
analysis:dc(status): Total DC newton iterations = 4, DC conv = 1.
models:w_element(status): a17.w - Building frequency-domain model
models:w_element(status): a17.w - Finished building frequency-domain model
models:w_element(status): a18.w - Building frequency-domain model
models:w_element(status): a18.w - Finished building frequency-domain model
models:w_element(status): a19.w - Building frequency-domain model
models:w_element(status): a19.w - Finished building frequency-domain model
models:w_element(status): a2.w - Building frequency-domain model
models:w_element(status): a2.w - Finished building frequency-domain model
models:w_element(status): a3.w - Building frequency-domain model
models:w_element(status): a3.w - Finished building frequency-domain model
models:w_element(status): a42.w - Building frequency-domain model
models:w_element(status): a42.w - Finished building frequency-domain model
models:w_element(status): a44.w - Building frequency-domain model
models:w_element(status): a44.w - Finished building frequency-domain model
models:w_element(status): a6.w - Building frequency-domain model
models:w_element(status): a6.w - Finished building frequency-domain model
analysis:dc(status): Total DC newton iterations = 4, DC conv = 1.
models:w_element(status): a17.w - Building frequency-domain model
models:w_element(status): a17.w - Finished building frequency-domain model
models:w_element(status): a18.w - Building frequency-domain model
models:w_element(status): a18.w - Finished building frequency-domain model
models:w_element(status): a19.w - Building frequency-domain model
models:w_element(status): a19.w - Finished building frequency-domain model
models:w_element(status): a2.w - Building frequency-domain model
models:w_element(status): a2.w - Finished building frequency-domain model
models:w_element(status): a3.w - Building frequency-domain model
models:w_element(status): a3.w - Finished building frequency-domain model
models:w_element(status): a42.w - Building frequency-domain model
models:w_element(status): a42.w - Finished building frequency-domain model
models:w_element(status): a44.w - Building frequency-domain model
models:w_element(status): a44.w - Finished building frequency-domain model
models:w_element(status): a6.w - Building frequency-domain model
models:w_element(status): a6.w - Finished building frequency-domain model
analysis:dc(status): Total DC newton iterations = 4, DC conv = 1.
models:w_element(status): a17.w - Building frequency-domain model
models:w_element(status): a17.w - Finished building frequency-domain model
models:w_element(status): a18.w - Building frequency-domain model
models:w_element(status): a18.w - Finished building frequency-domain model
models:w_element(status): a19.w - Building frequency-domain model
models:w_element(status): a19.w - Finished building frequency-domain model
models:w_element(status): a2.w - Building frequency-domain model
models:w_element(status): a2.w - Finished building frequency-domain model
models:w_element(status): a3.w - Building frequency-domain model
models:w_element(status): a3.w - Finished building frequency-domain model
models:w_element(status): a42.w - Building frequency-domain model
models:w_element(status): a42.w - Finished building frequency-domain model
models:w_element(status): a44.w - Building frequency-domain model
models:w_element(status): a44.w - Finished building frequency-domain model
models:w_element(status): a6.w - Building frequency-domain model
models:w_element(status): a6.w - Finished building frequency-domain model
analysis:dc(status): Total DC newton iterations = 4, DC conv = 1.
models:w_element(status): a17.w - Building frequency-domain model
models:w_element(status): a17.w - Finished building frequency-domain model
models:w_element(status): a18.w - Building frequency-domain model
models:w_element(status): a18.w - Finished building frequency-domain model
models:w_element(status): a19.w - Building frequency-domain model
models:w_element(status): a19.w - Finished building frequency-domain model
models:w_element(status): a2.w - Building frequency-domain model
models:w_element(status): a2.w - Finished building frequency-domain model
models:w_element(status): a3.w - Building frequency-domain model
models:w_element(status): a3.w - Finished building frequency-domain model
models:w_element(status): a42.w - Building frequency-domain model
models:w_element(status): a42.w - Finished building frequency-domain model
models:w_element(status): a44.w - Building frequency-domain model
models:w_element(status): a44.w - Finished building frequency-domain model
models:w_element(status): a6.w - Building frequency-domain model
models:w_element(status): a6.w - Finished building frequency-domain model
analysis:dc(status): Total DC newton iterations = 4, DC conv = 1.
models:w_element(status): a17.w - Building frequency-domain model
models:w_element(status): a17.w - Finished building frequency-domain model
models:w_element(status): a18.w - Building frequency-domain model
models:w_element(status): a18.w - Finished building frequency-domain model
models:w_element(status): a19.w - Building frequency-domain model
models:w_element(status): a19.w - Finished building frequency-domain model
models:w_element(status): a2.w - Building frequency-domain model
models:w_element(status): a2.w - Finished building frequency-domain model
models:w_element(status): a3.w - Building frequency-domain model
models:w_element(status): a3.w - Finished building frequency-domain model
models:w_element(status): a42.w - Building frequency-domain model
models:w_element(status): a42.w - Finished building frequency-domain model
models:w_element(status): a44.w - Building frequency-domain model
models:w_element(status): a44.w - Finished building frequency-domain model
models:w_element(status): a6.w - Building frequency-domain model
models:w_element(status): a6.w - Finished building frequency-domain model
analysis:dc(status): Total DC newton iterations = 4, DC conv = 1.
models:w_element(status): a17.w - Building frequency-domain model
models:w_element(status): a17.w - Finished building frequency-domain model
models:w_element(status): a18.w - Building frequency-domain model
models:w_element(status): a18.w - Finished building frequency-domain model
models:w_element(status): a19.w - Building frequency-domain model
models:w_element(status): a19.w - Finished building frequency-domain model
models:w_element(status): a2.w - Building frequency-domain model
models:w_element(status): a2.w - Finished building frequency-domain model
models:w_element(status): a3.w - Building frequency-domain model
models:w_element(status): a3.w - Finished building frequency-domain model
models:w_element(status): a42.w - Building frequency-domain model
models:w_element(status): a42.w - Finished building frequency-domain model
models:w_element(status): a44.w - Building frequency-domain model
models:w_element(status): a44.w - Finished building frequency-domain model
models:w_element(status): a6.w - Building frequency-domain model
models:w_element(status): a6.w - Finished building frequency-domain model
analysis:dc(status): Total DC newton iterations = 4, DC conv = 1.
models:w_element(status): a17.w - Building frequency-domain model
models:w_element(status): a17.w - Finished building frequency-domain model
models:w_element(status): a18.w - Building frequency-domain model
models:w_element(status): a18.w - Finished building frequency-domain model
models:w_element(status): a19.w - Building frequency-domain model
models:w_element(status): a19.w - Finished building frequency-domain model
models:w_element(status): a2.w - Building frequency-domain model
models:w_element(status): a2.w - Finished building frequency-domain model
models:w_element(status): a3.w - Building frequency-domain model
models:w_element(status): a3.w - Finished building frequency-domain model
models:w_element(status): a42.w - Building frequency-domain model
models:w_element(status): a42.w - Finished building frequency-domain model
models:w_element(status): a44.w - Building frequency-domain model
models:w_element(status): a44.w - Finished building frequency-domain model
models:w_element(status): a6.w - Building frequency-domain model
models:w_element(status): a6.w - Finished building frequency-domain model
analysis:dc(status): Total DC newton iterations = 4, DC conv = 1.
models:w_element(status): a17.w - Building frequency-domain model
models:w_element(status): a17.w - Finished building frequency-domain model
models:w_element(status): a18.w - Building frequency-domain model
models:w_element(status): a18.w - Finished building frequency-domain model
models:w_element(status): a19.w - Building frequency-domain model
models:w_element(status): a19.w - Finished building frequency-domain model
models:w_element(status): a2.w - Building frequency-domain model
models:w_element(status): a2.w - Finished building frequency-domain model
models:w_element(status): a3.w - Building frequency-domain model
models:w_element(status): a3.w - Finished building frequency-domain model
models:w_element(status): a42.w - Building frequency-domain model
models:w_element(status): a42.w - Finished building frequency-domain model
models:w_element(status): a44.w - Building frequency-domain model
models:w_element(status): a44.w - Finished building frequency-domain model
models:w_element(status): a6.w - Building frequency-domain model
models:w_element(status): a6.w - Finished building frequency-domain model
analysis:dc(status): Total DC newton iterations = 4, DC conv = 1.
models:w_element(status): a17.w - Building frequency-domain model
models:w_element(status): a17.w - Finished building frequency-domain model
models:w_element(status): a18.w - Building frequency-domain model
models:w_element(status): a18.w - Finished building frequency-domain model
models:w_element(status): a19.w - Building frequency-domain model
models:w_element(status): a19.w - Finished building frequency-domain model
models:w_element(status): a2.w - Building frequency-domain model
models:w_element(status): a2.w - Finished building frequency-domain model
models:w_element(status): a3.w - Building frequency-domain model
models:w_element(status): a3.w - Finished building frequency-domain model
models:w_element(status): a42.w - Building frequency-domain model
models:w_element(status): a42.w - Finished building frequency-domain model
models:w_element(status): a44.w - Building frequency-domain model
models:w_element(status): a44.w - Finished building frequency-domain model
models:w_element(status): a6.w - Building frequency-domain model
models:w_element(status): a6.w - Finished building frequency-domain model
analysis:dc(status): Total DC newton iterations = 4, DC conv = 1.
models:w_element(status): a17.w - Building frequency-domain model
models:w_element(status): a17.w - Finished building frequency-domain model
models:w_element(status): a18.w - Building frequency-domain model
models:w_element(status): a18.w - Finished building frequency-domain model
models:w_element(status): a19.w - Building frequency-domain model
models:w_element(status): a19.w - Finished building frequency-domain model
models:w_element(status): a2.w - Building frequency-domain model
models:w_element(status): a2.w - Finished building frequency-domain model
models:w_element(status): a3.w - Building frequency-domain model
models:w_element(status): a3.w - Finished building frequency-domain model
models:w_element(status): a42.w - Building frequency-domain model
models:w_element(status): a42.w - Finished building frequency-domain model
models:w_element(status): a44.w - Building frequency-domain model
models:w_element(status): a44.w - Finished building frequency-domain model
models:w_element(status): a6.w - Building frequency-domain model
models:w_element(status): a6.w - Finished building frequency-domain model
analysis:dc(status): Total DC newton iterations = 4, DC conv = 1.
models:w_element(status): a17.w - Building frequency-domain model
models:w_element(status): a17.w - Finished building frequency-domain model
models:w_element(status): a18.w - Building frequency-domain model
models:w_element(status): a18.w - Finished building frequency-domain model
models:w_element(status): a19.w - Building frequency-domain model
models:w_element(status): a19.w - Finished building frequency-domain model
models:w_element(status): a2.w - Building frequency-domain model
models:w_element(status): a2.w - Finished building frequency-domain model
models:w_element(status): a3.w - Building frequency-domain model
models:w_element(status): a3.w - Finished building frequency-domain model
models:w_element(status): a42.w - Building frequency-domain model
models:w_element(status): a42.w - Finished building frequency-domain model
models:w_element(status): a44.w - Building frequency-domain model
models:w_element(status): a44.w - Finished building frequency-domain model
models:w_element(status): a6.w - Building frequency-domain model
models:w_element(status): a6.w - Finished building frequency-domain model
analysis:dc(status): Total DC newton iterations = 4, DC conv = 1.
models:w_element(status): a17.w - Building frequency-domain model
models:w_element(status): a17.w - Finished building frequency-domain model
models:w_element(status): a18.w - Building frequency-domain model
models:w_element(status): a18.w - Finished building frequency-domain model
models:w_element(status): a19.w - Building frequency-domain model
models:w_element(status): a19.w - Finished building frequency-domain model
models:w_element(status): a2.w - Building frequency-domain model
models:w_element(status): a2.w - Finished building frequency-domain model
models:w_element(status): a3.w - Building frequency-domain model
models:w_element(status): a3.w - Finished building frequency-domain model
models:w_element(status): a42.w - Building frequency-domain model
models:w_element(status): a42.w - Finished building frequency-domain model
models:w_element(status): a44.w - Building frequency-domain model
models:w_element(status): a44.w - Finished building frequency-domain model
models:w_element(status): a6.w - Building frequency-domain model
models:w_element(status): a6.w - Finished building frequency-domain model
analysis:dc(status): Total DC newton iterations = 4, DC conv = 1.
models:w_element(status): a17.w - Building frequency-domain model
models:w_element(status): a17.w - Finished building frequency-domain model
models:w_element(status): a18.w - Building frequency-domain model
models:w_element(status): a18.w - Finished building frequency-domain model
models:w_element(status): a19.w - Building frequency-domain model
models:w_element(status): a19.w - Finished building frequency-domain model
models:w_element(status): a2.w - Building frequency-domain model
models:w_element(status): a2.w - Finished building frequency-domain model
models:w_element(status): a3.w - Building frequency-domain model
models:w_element(status): a3.w - Finished building frequency-domain model
models:w_element(status): a42.w - Building frequency-domain model
models:w_element(status): a42.w - Finished building frequency-domain model
models:w_element(status): a44.w - Building frequency-domain model
models:w_element(status): a44.w - Finished building frequency-domain model
models:w_element(status): a6.w - Building frequency-domain model
models:w_element(status): a6.w - Finished building frequency-domain model
analysis:dc(status): Total DC newton iterations = 4, DC conv = 1.
models:w_element(status): a17.w - Building frequency-domain model
models:w_element(status): a17.w - Finished building frequency-domain model
models:w_element(status): a18.w - Building frequency-domain model
models:w_element(status): a18.w - Finished building frequency-domain model
models:w_element(status): a19.w - Building frequency-domain model
models:w_element(status): a19.w - Finished building frequency-domain model
models:w_element(status): a2.w - Building frequency-domain model
models:w_element(status): a2.w - Finished building frequency-domain model
models:w_element(status): a3.w - Building frequency-domain model
models:w_element(status): a3.w - Finished building frequency-domain model
models:w_element(status): a42.w - Building frequency-domain model
models:w_element(status): a42.w - Finished building frequency-domain model
models:w_element(status): a44.w - Building frequency-domain model
models:w_element(status): a44.w - Finished building frequency-domain model
models:w_element(status): a6.w - Building frequency-domain model
models:w_element(status): a6.w - Finished building frequency-domain model
analysis:dc(status): Total DC newton iterations = 4, DC conv = 1.
models:w_element(status): a17.w - Building frequency-domain model
models:w_element(status): a17.w - Finished building frequency-domain model
models:w_element(status): a18.w - Building frequency-domain model
models:w_element(status): a18.w - Finished building frequency-domain model
models:w_element(status): a19.w - Building frequency-domain model
models:w_element(status): a19.w - Finished building frequency-domain model
models:w_element(status): a2.w - Building frequency-domain model
models:w_element(status): a2.w - Finished building frequency-domain model
models:w_element(status): a3.w - Building frequency-domain model
models:w_element(status): a3.w - Finished building frequency-domain model
models:w_element(status): a42.w - Building frequency-domain model
models:w_element(status): a42.w - Finished building frequency-domain model
models:w_element(status): a44.w - Building frequency-domain model
models:w_element(status): a44.w - Finished building frequency-domain model
models:w_element(status): a6.w - Building frequency-domain model
models:w_element(status): a6.w - Finished building frequency-domain model
analysis:dc(status): Total DC newton iterations = 4, DC conv = 1.
models:w_element(status): a17.w - Building frequency-domain model
models:w_element(status): a17.w - Finished building frequency-domain model
models:w_element(status): a18.w - Building frequency-domain model
models:w_element(status): a18.w - Finished building frequency-domain model
models:w_element(status): a19.w - Building frequency-domain model
models:w_element(status): a19.w - Finished building frequency-domain model
models:w_element(status): a2.w - Building frequency-domain model
models:w_element(status): a2.w - Finished building frequency-domain model
models:w_element(status): a3.w - Building frequency-domain model
models:w_element(status): a3.w - Finished building frequency-domain model
models:w_element(status): a42.w - Building frequency-domain model
models:w_element(status): a42.w - Finished building frequency-domain model
models:w_element(status): a44.w - Building frequency-domain model
models:w_element(status): a44.w - Finished building frequency-domain model
models:w_element(status): a6.w - Building frequency-domain model
models:w_element(status): a6.w - Finished building frequency-domain model
analysis:dc(status): Total DC newton iterations = 4, DC conv = 1.
models:w_element(status): a17.w - Building frequency-domain model
models:w_element(status): a17.w - Finished building frequency-domain model
models:w_element(status): a18.w - Building frequency-domain model
models:w_element(status): a18.w - Finished building frequency-domain model
models:w_element(status): a19.w - Building frequency-domain model
models:w_element(status): a19.w - Finished building frequency-domain model
models:w_element(status): a2.w - Building frequency-domain model
models:w_element(status): a2.w - Finished building frequency-domain model
models:w_element(status): a3.w - Building frequency-domain model
models:w_element(status): a3.w - Finished building frequency-domain model
models:w_element(status): a42.w - Building frequency-domain model
models:w_element(status): a42.w - Finished building frequency-domain model
models:w_element(status): a44.w - Building frequency-domain model
models:w_element(status): a44.w - Finished building frequency-domain model
models:w_element(status): a6.w - Building frequency-domain model
models:w_element(status): a6.w - Finished building frequency-domain model
analysis:dc(status): Total DC newton iterations = 4, DC conv = 1.
models:w_element(status): a17.w - Building frequency-domain model
models:w_element(status): a17.w - Finished building frequency-domain model
models:w_element(status): a18.w - Building frequency-domain model
models:w_element(status): a18.w - Finished building frequency-domain model
models:w_element(status): a19.w - Building frequency-domain model
models:w_element(status): a19.w - Finished building frequency-domain model
models:w_element(status): a2.w - Building frequency-domain model
models:w_element(status): a2.w - Finished building frequency-domain model
models:w_element(status): a3.w - Building frequency-domain model
models:w_element(status): a3.w - Finished building frequency-domain model
models:w_element(status): a42.w - Building frequency-domain model
models:w_element(status): a42.w - Finished building frequency-domain model
models:w_element(status): a44.w - Building frequency-domain model
models:w_element(status): a44.w - Finished building frequency-domain model
models:w_element(status): a6.w - Building frequency-domain model
models:w_element(status): a6.w - Finished building frequency-domain model
analysis:dc(status): Total DC newton iterations = 4, DC conv = 1.
models:w_element(status): a17.w - Building frequency-domain model
models:w_element(status): a17.w - Finished building frequency-domain model
models:w_element(status): a18.w - Building frequency-domain model
models:w_element(status): a18.w - Finished building frequency-domain model
models:w_element(status): a19.w - Building frequency-domain model
models:w_element(status): a19.w - Finished building frequency-domain model
models:w_element(status): a2.w - Building frequency-domain model
models:w_element(status): a2.w - Finished building frequency-domain model
models:w_element(status): a3.w - Building frequency-domain model
models:w_element(status): a3.w - Finished building frequency-domain model
models:w_element(status): a42.w - Building frequency-domain model
models:w_element(status): a42.w - Finished building frequency-domain model
models:w_element(status): a44.w - Building frequency-domain model
models:w_element(status): a44.w - Finished building frequency-domain model
models:w_element(status): a6.w - Building frequency-domain model
models:w_element(status): a6.w - Finished building frequency-domain model
analysis:dc(status): Total DC newton iterations = 4, DC conv = 1.
models:w_element(status): a17.w - Building frequency-domain model
models:w_element(status): a17.w - Finished building frequency-domain model
models:w_element(status): a18.w - Building frequency-domain model
models:w_element(status): a18.w - Finished building frequency-domain model
models:w_element(status): a19.w - Building frequency-domain model
models:w_element(status): a19.w - Finished building frequency-domain model
models:w_element(status): a2.w - Building frequency-domain model
models:w_element(status): a2.w - Finished building frequency-domain model
models:w_element(status): a3.w - Building frequency-domain model
models:w_element(status): a3.w - Finished building frequency-domain model
models:w_element(status): a42.w - Building frequency-domain model
models:w_element(status): a42.w - Finished building frequency-domain model
models:w_element(status): a44.w - Building frequency-domain model
models:w_element(status): a44.w - Finished building frequency-domain model
models:w_element(status): a6.w - Building frequency-domain model
models:w_element(status): a6.w - Finished building frequency-domain model
analysis:dc(status): Total DC newton iterations = 4, DC conv = 1.
models:w_element(status): a17.w - Building frequency-domain model
models:w_element(status): a17.w - Finished building frequency-domain model
models:w_element(status): a18.w - Building frequency-domain model
models:w_element(status): a18.w - Finished building frequency-domain model
models:w_element(status): a19.w - Building frequency-domain model
models:w_element(status): a19.w - Finished building frequency-domain model
models:w_element(status): a2.w - Building frequency-domain model
models:w_element(status): a2.w - Finished building frequency-domain model
models:w_element(status): a3.w - Building frequency-domain model
models:w_element(status): a3.w - Finished building frequency-domain model
models:w_element(status): a42.w - Building frequency-domain model
models:w_element(status): a42.w - Finished building frequency-domain model
models:w_element(status): a44.w - Building frequency-domain model
models:w_element(status): a44.w - Finished building frequency-domain model
models:w_element(status): a6.w - Building frequency-domain model
models:w_element(status): a6.w - Finished building frequency-domain model
analysis:dc(status): Total DC newton iterations = 4, DC conv = 1.
models:w_element(status): a17.w - Building frequency-domain model
models:w_element(status): a17.w - Finished building frequency-domain model
models:w_element(status): a18.w - Building frequency-domain model
models:w_element(status): a18.w - Finished building frequency-domain model
models:w_element(status): a19.w - Building frequency-domain model
models:w_element(status): a19.w - Finished building frequency-domain model
models:w_element(status): a2.w - Building frequency-domain model
models:w_element(status): a2.w - Finished building frequency-domain model
models:w_element(status): a3.w - Building frequency-domain model
models:w_element(status): a3.w - Finished building frequency-domain model
models:w_element(status): a42.w - Building frequency-domain model
models:w_element(status): a42.w - Finished building frequency-domain model
models:w_element(status): a44.w - Building frequency-domain model
models:w_element(status): a44.w - Finished building frequency-domain model
models:w_element(status): a6.w - Building frequency-domain model
models:w_element(status): a6.w - Finished building frequency-domain model
analysis:dc(status): Total DC newton iterations = 4, DC conv = 1.
models:w_element(status): a17.w - Building frequency-domain model
models:w_element(status): a17.w - Finished building frequency-domain model
models:w_element(status): a18.w - Building frequency-domain model
models:w_element(status): a18.w - Finished building frequency-domain model
models:w_element(status): a19.w - Building frequency-domain model
models:w_element(status): a19.w - Finished building frequency-domain model
models:w_element(status): a2.w - Building frequency-domain model
models:w_element(status): a2.w - Finished building frequency-domain model
models:w_element(status): a3.w - Building frequency-domain model
models:w_element(status): a3.w - Finished building frequency-domain model
models:w_element(status): a42.w - Building frequency-domain model
models:w_element(status): a42.w - Finished building frequency-domain model
models:w_element(status): a44.w - Building frequency-domain model
models:w_element(status): a44.w - Finished building frequency-domain model
models:w_element(status): a6.w - Building frequency-domain model
models:w_element(status): a6.w - Finished building frequency-domain model
analysis:dc(status): Total DC newton iterations = 4, DC conv = 1.
models:w_element(status): a17.w - Building frequency-domain model
models:w_element(status): a17.w - Finished building frequency-domain model
models:w_element(status): a18.w - Building frequency-domain model
models:w_element(status): a18.w - Finished building frequency-domain model
models:w_element(status): a19.w - Building frequency-domain model
models:w_element(status): a19.w - Finished building frequency-domain model
models:w_element(status): a2.w - Building frequency-domain model
models:w_element(status): a2.w - Finished building frequency-domain model
models:w_element(status): a3.w - Building frequency-domain model
models:w_element(status): a3.w - Finished building frequency-domain model
models:w_element(status): a42.w - Building frequency-domain model
models:w_element(status): a42.w - Finished building frequency-domain model
models:w_element(status): a44.w - Building frequency-domain model
models:w_element(status): a44.w - Finished building frequency-domain model
models:w_element(status): a6.w - Building frequency-domain model
models:w_element(status): a6.w - Finished building frequency-domain model
analysis:dc(status): Total DC newton iterations = 4, DC conv = 1.
models:w_element(status): a17.w - Building frequency-domain model
models:w_element(status): a17.w - Finished building frequency-domain model
models:w_element(status): a18.w - Building frequency-domain model
models:w_element(status): a18.w - Finished building frequency-domain model
models:w_element(status): a19.w - Building frequency-domain model
models:w_element(status): a19.w - Finished building frequency-domain model
models:w_element(status): a2.w - Building frequency-domain model
models:w_element(status): a2.w - Finished building frequency-domain model
models:w_element(status): a3.w - Building frequency-domain model
models:w_element(status): a3.w - Finished building frequency-domain model
models:w_element(status): a42.w - Building frequency-domain model
models:w_element(status): a42.w - Finished building frequency-domain model
models:w_element(status): a44.w - Building frequency-domain model
models:w_element(status): a44.w - Finished building frequency-domain model
models:w_element(status): a6.w - Building frequency-domain model
models:w_element(status): a6.w - Finished building frequency-domain model
analysis:dc(status): Total DC newton iterations = 4, DC conv = 1.
models:w_element(status): a17.w - Building frequency-domain model
models:w_element(status): a17.w - Finished building frequency-domain model
models:w_element(status): a18.w - Building frequency-domain model
models:w_element(status): a18.w - Finished building frequency-domain model
models:w_element(status): a19.w - Building frequency-domain model
models:w_element(status): a19.w - Finished building frequency-domain model
models:w_element(status): a2.w - Building frequency-domain model
models:w_element(status): a2.w - Finished building frequency-domain model
models:w_element(status): a3.w - Building frequency-domain model
models:w_element(status): a3.w - Finished building frequency-domain model
models:w_element(status): a42.w - Building frequency-domain model
models:w_element(status): a42.w - Finished building frequency-domain model
models:w_element(status): a44.w - Building frequency-domain model
models:w_element(status): a44.w - Finished building frequency-domain model
models:w_element(status): a6.w - Building frequency-domain model
models:w_element(status): a6.w - Finished building frequency-domain model
analysis:dc(status): Total DC newton iterations = 4, DC conv = 1.
models:w_element(status): a17.w - Building frequency-domain model
models:w_element(status): a17.w - Finished building frequency-domain model
models:w_element(status): a18.w - Building frequency-domain model
models:w_element(status): a18.w - Finished building frequency-domain model
models:w_element(status): a19.w - Building frequency-domain model
models:w_element(status): a19.w - Finished building frequency-domain model
models:w_element(status): a2.w - Building frequency-domain model
models:w_element(status): a2.w - Finished building frequency-domain model
models:w_element(status): a3.w - Building frequency-domain model
models:w_element(status): a3.w - Finished building frequency-domain model
models:w_element(status): a42.w - Building frequency-domain model
models:w_element(status): a42.w - Finished building frequency-domain model
models:w_element(status): a44.w - Building frequency-domain model
models:w_element(status): a44.w - Finished building frequency-domain model
models:w_element(status): a6.w - Building frequency-domain model
models:w_element(status): a6.w - Finished building frequency-domain model
analysis:dc(status): Total DC newton iterations = 4, DC conv = 1.
models:w_element(status): a17.w - Building frequency-domain model
models:w_element(status): a17.w - Finished building frequency-domain model
models:w_element(status): a18.w - Building frequency-domain model
models:w_element(status): a18.w - Finished building frequency-domain model
models:w_element(status): a19.w - Building frequency-domain model
models:w_element(status): a19.w - Finished building frequency-domain model
models:w_element(status): a2.w - Building frequency-domain model
models:w_element(status): a2.w - Finished building frequency-domain model
models:w_element(status): a3.w - Building frequency-domain model
models:w_element(status): a3.w - Finished building frequency-domain model
models:w_element(status): a42.w - Building frequency-domain model
models:w_element(status): a42.w - Finished building frequency-domain model
models:w_element(status): a44.w - Building frequency-domain model
models:w_element(status): a44.w - Finished building frequency-domain model
models:w_element(status): a6.w - Building frequency-domain model
models:w_element(status): a6.w - Finished building frequency-domain model
analysis:dc(status): Total DC newton iterations = 4, DC conv = 1.
models:w_element(status): a17.w - Building frequency-domain model
models:w_element(status): a17.w - Finished building frequency-domain model
models:w_element(status): a18.w - Building frequency-domain model
models:w_element(status): a18.w - Finished building frequency-domain model
models:w_element(status): a19.w - Building frequency-domain model
models:w_element(status): a19.w - Finished building frequency-domain model
models:w_element(status): a2.w - Building frequency-domain model
models:w_element(status): a2.w - Finished building frequency-domain model
models:w_element(status): a3.w - Building frequency-domain model
models:w_element(status): a3.w - Finished building frequency-domain model
models:w_element(status): a42.w - Building frequency-domain model
models:w_element(status): a42.w - Finished building frequency-domain model
models:w_element(status): a44.w - Building frequency-domain model
models:w_element(status): a44.w - Finished building frequency-domain model
models:w_element(status): a6.w - Building frequency-domain model
models:w_element(status): a6.w - Finished building frequency-domain model
analysis:dc(status): Total DC newton iterations = 4, DC conv = 1.
models:w_element(status): a17.w - Building frequency-domain model
models:w_element(status): a17.w - Finished building frequency-domain model
models:w_element(status): a18.w - Building frequency-domain model
models:w_element(status): a18.w - Finished building frequency-domain model
models:w_element(status): a19.w - Building frequency-domain model
models:w_element(status): a19.w - Finished building frequency-domain model
models:w_element(status): a2.w - Building frequency-domain model
models:w_element(status): a2.w - Finished building frequency-domain model
models:w_element(status): a3.w - Building frequency-domain model
models:w_element(status): a3.w - Finished building frequency-domain model
models:w_element(status): a42.w - Building frequency-domain model
models:w_element(status): a42.w - Finished building frequency-domain model
models:w_element(status): a44.w - Building frequency-domain model
models:w_element(status): a44.w - Finished building frequency-domain model
models:w_element(status): a6.w - Building frequency-domain model
models:w_element(status): a6.w - Finished building frequency-domain model
analysis:dc(status): Total DC newton iterations = 4, DC conv = 1.
models:w_element(status): a17.w - Building frequency-domain model
models:w_element(status): a17.w - Finished building frequency-domain model
models:w_element(status): a18.w - Building frequency-domain model
models:w_element(status): a18.w - Finished building frequency-domain model
models:w_element(status): a19.w - Building frequency-domain model
models:w_element(status): a19.w - Finished building frequency-domain model
models:w_element(status): a2.w - Building frequency-domain model
models:w_element(status): a2.w - Finished building frequency-domain model
models:w_element(status): a3.w - Building frequency-domain model
models:w_element(status): a3.w - Finished building frequency-domain model
models:w_element(status): a42.w - Building frequency-domain model
models:w_element(status): a42.w - Finished building frequency-domain model
models:w_element(status): a44.w - Building frequency-domain model
models:w_element(status): a44.w - Finished building frequency-domain model
models:w_element(status): a6.w - Building frequency-domain model
models:w_element(status): a6.w - Finished building frequency-domain model
analysis:dc(status): Total DC newton iterations = 4, DC conv = 1.
models:w_element(status): a17.w - Building frequency-domain model
models:w_element(status): a17.w - Finished building frequency-domain model
models:w_element(status): a18.w - Building frequency-domain model
models:w_element(status): a18.w - Finished building frequency-domain model
models:w_element(status): a19.w - Building frequency-domain model
models:w_element(status): a19.w - Finished building frequency-domain model
models:w_element(status): a2.w - Building frequency-domain model
models:w_element(status): a2.w - Finished building frequency-domain model
models:w_element(status): a3.w - Building frequency-domain model
models:w_element(status): a3.w - Finished building frequency-domain model
models:w_element(status): a42.w - Building frequency-domain model
models:w_element(status): a42.w - Finished building frequency-domain model
models:w_element(status): a44.w - Building frequency-domain model
models:w_element(status): a44.w - Finished building frequency-domain model
models:w_element(status): a6.w - Building frequency-domain model
models:w_element(status): a6.w - Finished building frequency-domain model
analysis:dc(status): Total DC newton iterations = 4, DC conv = 1.
models:w_element(status): a17.w - Building frequency-domain model
models:w_element(status): a17.w - Finished building frequency-domain model
models:w_element(status): a18.w - Building frequency-domain model
models:w_element(status): a18.w - Finished building frequency-domain model
models:w_element(status): a19.w - Building frequency-domain model
models:w_element(status): a19.w - Finished building frequency-domain model
models:w_element(status): a2.w - Building frequency-domain model
models:w_element(status): a2.w - Finished building frequency-domain model
models:w_element(status): a3.w - Building frequency-domain model
models:w_element(status): a3.w - Finished building frequency-domain model
models:w_element(status): a42.w - Building frequency-domain model
models:w_element(status): a42.w - Finished building frequency-domain model
models:w_element(status): a44.w - Building frequency-domain model
models:w_element(status): a44.w - Finished building frequency-domain model
models:w_element(status): a6.w - Building frequency-domain model
models:w_element(status): a6.w - Finished building frequency-domain model
analysis:dc(status): Total DC newton iterations = 4, DC conv = 1.
